2023-09-06 09:55:16,807 INFO org.apache.coyote.http11.Http11NioProtocol [restartedMain] Starting ProtocolHandler ["http-nio-8080"]
2023-09-06 09:55:16,819 INFO org.springframework.boot.web.embedded.tomcat.TomcatWebServer [restartedMain] Tomcat started on port(s): 8080 (http) with context path ''
2023-09-06 09:55:17,990 INFO com.data.percept.PerceptApplication [restartedMain] Started PerceptApplication in 4.794 seconds (JVM running for 611.543)
2023-09-06 09:55:17,991 INFO org.springframework.boot.devtools.autoconfigure.ConditionEvaluationDeltaLoggingListener [restartedMain] Condition evaluation unchanged
2023-09-06 09:55:17,997 INFO com.data.percept.PerceptApplication [restartedMain] Pronto para uso Inicio PerceptApplication
2023-09-06 09:55:20,853 INFO org.apache.catalina.core.ContainerBase.[Tomcat].[localhost].[/] [http-nio-8080-exec-2] Initializing Spring DispatcherServlet 'dispatcherServlet'
2023-09-06 09:55:20,855 INFO org.springframework.web.servlet.DispatcherServlet [http-nio-8080-exec-2] Initializing Servlet 'dispatcherServlet'
2023-09-06 09:55:20,855 INFO org.springframework.web.servlet.DispatcherServlet [http-nio-8080-exec-2] Completed initialization in 0 ms
2023-09-06 09:55:20,879 INFO com.data.percept.controller.CreateRemessaBoleto [http-nio-8080-exec-2] CreateRemessaBoleto: start
2023-09-06 09:55:20,880 INFO com.data.percept.controller.CreateRemessaBoleto [http-nio-8080-exec-2] CreateRemessaBoleto: erro
java.lang.IllegalArgumentException: Cannot format given Object as a Date
	at java.base/java.text.DateFormat.format(DateFormat.java:338)
	at java.base/java.text.Format.format(Format.java:158)
	at com.data.percept.models.RemessaBoleto.getDataVencimento(RemessaBoleto.java:79)
	at com.data.percept.controller.CreateRemessaBoleto.createRemessa(CreateRemessaBoleto.java:33)
	at com.data.percept.controller.CreateRemessaBoleto$$FastClassBySpringCGLIB$$936725cb.invoke(<generated>)
	at org.springframework.cglib.proxy.MethodProxy.invoke(MethodProxy.java:218)
	at org.springframework.aop.framework.CglibAopProxy$CglibMethodInvocation.invokeJoinpoint(CglibAopProxy.java:783)
	at org.springframework.aop.framework.ReflectiveMethodInvocation.proceed(ReflectiveMethodInvocation.java:163)
	at org.springframework.aop.framework.CglibAopProxy$CglibMethodInvocation.proceed(CglibAopProxy.java:753)
	at org.springframework.validation.beanvalidation.MethodValidationInterceptor.invoke(MethodValidationInterceptor.java:123)
	at org.springframework.aop.framework.ReflectiveMethodInvocation.proceed(ReflectiveMethodInvocation.java:186)
	at org.springframework.aop.framework.CglibAopProxy$CglibMethodInvocation.proceed(CglibAopProxy.java:753)
	at org.springframework.aop.framework.CglibAopProxy$DynamicAdvisedInterceptor.intercept(CglibAopProxy.java:698)
	at com.data.percept.controller.CreateRemessaBoleto$$EnhancerBySpringCGLIB$$44b6acd4.createRemessa(<generated>)
	at java.base/jdk.internal.reflect.NativeMethodAccessorImpl.invoke0(Native Method)
	at java.base/jdk.internal.reflect.NativeMethodAccessorImpl.invoke(NativeMethodAccessorImpl.java:62)
	at java.base/jdk.internal.reflect.DelegatingMethodAccessorImpl.invoke(DelegatingMethodAccessorImpl.java:43)
	at java.base/java.lang.reflect.Method.invoke(Method.java:566)
	at org.springframework.web.method.support.InvocableHandlerMethod.doInvoke(InvocableHandlerMethod.java:205)
	at org.springframework.web.method.support.InvocableHandlerMethod.invokeForRequest(InvocableHandlerMethod.java:150)
	at org.springframework.web.servlet.mvc.method.annotation.ServletInvocableHandlerMethod.invokeAndHandle(ServletInvocableHandlerMethod.java:117)
	at org.springframework.web.servlet.mvc.method.annotation.RequestMappingHandlerAdapter.invokeHandlerMethod(RequestMappingHandlerAdapter.java:895)
	at org.springframework.web.servlet.mvc.method.annotation.RequestMappingHandlerAdapter.handleInternal(RequestMappingHandlerAdapter.java:808)
	at org.springframework.web.servlet.mvc.method.AbstractHandlerMethodAdapter.handle(AbstractHandlerMethodAdapter.java:87)
	at org.springframework.web.servlet.DispatcherServlet.doDispatch(DispatcherServlet.java:1067)
	at org.springframework.web.servlet.DispatcherServlet.doService(DispatcherServlet.java:963)
	at org.springframework.web.servlet.FrameworkServlet.processRequest(FrameworkServlet.java:1006)
	at org.springframework.web.servlet.FrameworkServlet.doPost(FrameworkServlet.java:909)
	at javax.servlet.http.HttpServlet.service(HttpServlet.java:681)
	at org.springframework.web.servlet.FrameworkServlet.service(FrameworkServlet.java:883)
	at javax.servlet.http.HttpServlet.service(HttpServlet.java:764)
	at org.apache.catalina.core.ApplicationFilterChain.internalDoFilter(ApplicationFilterChain.java:227)
	at org.apache.catalina.core.ApplicationFilterChain.doFilter(ApplicationFilterChain.java:162)
	at org.apache.tomcat.websocket.server.WsFilter.doFilter(WsFilter.java:53)
	at org.apache.catalina.core.ApplicationFilterChain.internalDoFilter(ApplicationFilterChain.java:189)
	at org.apache.catalina.core.ApplicationFilterChain.doFilter(ApplicationFilterChain.java:162)
	at com.data.percept.config.CorsWebConfig.doFilter(CorsWebConfig.java:49)
	at org.apache.catalina.core.ApplicationFilterChain.internalDoFilter(ApplicationFilterChain.java:189)
	at org.apache.catalina.core.ApplicationFilterChain.doFilter(ApplicationFilterChain.java:162)
	at org.springframework.web.filter.CharacterEncodingFilter.doFilterInternal(CharacterEncodingFilter.java:201)
	at org.springframework.web.filter.OncePerRequestFilter.doFilter(OncePerRequestFilter.java:117)
	at org.apache.catalina.core.ApplicationFilterChain.internalDoFilter(ApplicationFilterChain.java:189)
	at org.apache.catalina.core.ApplicationFilterChain.doFilter(ApplicationFilterChain.java:162)
	at org.apache.catalina.core.StandardWrapperValve.invoke(StandardWrapperValve.java:197)
	at org.apache.catalina.core.StandardContextValve.invoke(StandardContextValve.java:97)
	at org.apache.catalina.authenticator.AuthenticatorBase.invoke(AuthenticatorBase.java:540)
	at org.apache.catalina.core.StandardHostValve.invoke(StandardHostValve.java:135)
	at org.apache.catalina.valves.ErrorReportValve.invoke(ErrorReportValve.java:92)
	at org.apache.catalina.core.StandardEngineValve.invoke(StandardEngineValve.java:78)
	at org.apache.catalina.connector.CoyoteAdapter.service(CoyoteAdapter.java:357)
	at org.apache.coyote.http11.Http11Processor.service(Http11Processor.java:382)
	at org.apache.coyote.AbstractProcessorLight.process(AbstractProcessorLight.java:65)
	at org.apache.coyote.AbstractProtocol$ConnectionHandler.process(AbstractProtocol.java:895)
	at org.apache.tomcat.util.net.NioEndpoint$SocketProcessor.doRun(NioEndpoint.java:1732)
	at org.apache.tomcat.util.net.SocketProcessorBase.run(SocketProcessorBase.java:49)
	at org.apache.tomcat.util.threads.ThreadPoolExecutor.runWorker(ThreadPoolExecutor.java:1191)
	at org.apache.tomcat.util.threads.ThreadPoolExecutor$Worker.run(ThreadPoolExecutor.java:659)
	at org.apache.tomcat.util.threads.TaskThread$WrappingRunnable.run(TaskThread.java:61)
	at java.base/java.lang.Thread.run(Thread.java:834)
2023-09-06 09:56:02,264 INFO org.springframework.orm.jpa.LocalContainerEntityManagerFactoryBean [Thread-33] Closing JPA EntityManagerFactory for persistence unit 'default'
2023-09-06 09:56:02,265 INFO com.zaxxer.hikari.HikariDataSource [Thread-33] HikariPool-6 - Shutdown initiated...
2023-09-06 09:56:02,274 INFO com.zaxxer.hikari.HikariDataSource [Thread-33] HikariPool-6 - Shutdown completed.
2023-09-06 09:56:02,326 INFO com.data.percept.PerceptApplication [restartedMain] Inicio PerceptApplication
2023-09-06 09:56:03,081 INFO com.data.percept.PerceptApplication [restartedMain] Starting PerceptApplication using Java 11.0.19 on CPX-R3Q0SB8SNR6 with PID 12408 (C:\Users\andre.p.cassiano\projeto-data-percept\data-percept\percept\target\classes started by andre.p.cassiano in C:\Users\andre.p.cassiano\projeto-data-percept\data-percept)
2023-09-06 09:56:03,081 DEBUG com.data.percept.PerceptApplication [restartedMain] Running with Spring Boot v2.6.3, Spring v5.3.15
2023-09-06 09:56:03,081 INFO com.data.percept.PerceptApplication [restartedMain] No active profile set, falling back to default profiles: default
2023-09-06 09:56:03,271 INFO org.springframework.data.repository.config.RepositoryConfigurationDelegate [restartedMain] Bootstrapping Spring Data JPA repositories in DEFAULT mode.
2023-09-06 09:56:03,299 INFO org.springframework.data.repository.config.RepositoryConfigurationDelegate [restartedMain] Finished Spring Data repository scanning in 28 ms. Found 5 JPA repository interfaces.
2023-09-06 09:56:03,373 INFO org.springframework.cloud.context.scope.GenericScope [restartedMain] BeanFactory id=2a0c7234-3875-3d68-a5c6-871295295390
2023-09-06 09:56:03,431 INFO org.springframework.boot.web.embedded.tomcat.TomcatWebServer [restartedMain] Tomcat initialized with port(s): 8080 (http)
2023-09-06 09:56:03,432 INFO org.apache.coyote.http11.Http11NioProtocol [restartedMain] Initializing ProtocolHandler ["http-nio-8080"]
2023-09-06 09:56:03,432 INFO org.apache.catalina.core.StandardService [restartedMain] Starting service [Tomcat]
2023-09-06 09:56:03,432 INFO org.apache.catalina.core.StandardEngine [restartedMain] Starting Servlet engine: [Apache Tomcat/9.0.56]
2023-09-06 09:56:03,492 INFO org.apache.catalina.core.ContainerBase.[Tomcat].[localhost].[/] [restartedMain] Initializing Spring embedded WebApplicationContext
2023-09-06 09:56:03,492 INFO org.springframework.boot.web.servlet.context.ServletWebServerApplicationContext [restartedMain] Root WebApplicationContext: initialization completed in 409 ms
2023-09-06 09:56:03,513 INFO org.hibernate.jpa.internal.util.LogHelper [restartedMain] HHH000204: Processing PersistenceUnitInfo [name: default]
2023-09-06 09:56:03,518 INFO com.zaxxer.hikari.HikariDataSource [restartedMain] HikariPool-7 - Starting...
2023-09-06 09:56:03,522 INFO com.zaxxer.hikari.HikariDataSource [restartedMain] HikariPool-7 - Start completed.
2023-09-06 09:56:03,523 INFO org.hibernate.dialect.Dialect [restartedMain] HHH000400: Using dialect: org.hibernate.dialect.MySQL5InnoDBDialect
2023-09-06 09:56:03,581 INFO org.hibernate.engine.transaction.jta.platform.internal.JtaPlatformInitiator [restartedMain] HHH000490: Using JtaPlatform implementation: [org.hibernate.engine.transaction.jta.platform.internal.NoJtaPlatform]
2023-09-06 09:56:03,581 INFO org.springframework.orm.jpa.LocalContainerEntityManagerFactoryBean [restartedMain] Initialized JPA EntityManagerFactory for persistence unit 'default'
2023-09-06 09:56:03,690 WARN org.springframework.boot.autoconfigure.orm.jpa.JpaBaseConfiguration$JpaWebConfiguration [restartedMain] spring.jpa.open-in-view is enabled by default. Therefore, database queries may be performed during view rendering. Explicitly configure spring.jpa.open-in-view to disable this warning
2023-09-06 09:56:03,756 INFO org.springframework.boot.devtools.autoconfigure.OptionalLiveReloadServer [restartedMain] LiveReload server is running on port 35729
2023-09-06 09:56:04,476 INFO org.apache.coyote.http11.Http11NioProtocol [restartedMain] Starting ProtocolHandler ["http-nio-8080"]
2023-09-06 09:56:04,480 INFO org.springframework.boot.web.embedded.tomcat.TomcatWebServer [restartedMain] Tomcat started on port(s): 8080 (http) with context path ''
2023-09-06 09:56:05,258 INFO com.data.percept.PerceptApplication [restartedMain] Started PerceptApplication in 2.926 seconds (JVM running for 658.812)
2023-09-06 09:56:05,260 INFO org.springframework.boot.devtools.autoconfigure.ConditionEvaluationDeltaLoggingListener [restartedMain] Condition evaluation unchanged
2023-09-06 09:56:05,260 INFO com.data.percept.PerceptApplication [restartedMain] Pronto para uso Inicio PerceptApplication
2023-09-06 10:01:31,986 INFO org.springframework.orm.jpa.LocalContainerEntityManagerFactoryBean [Thread-39] Closing JPA EntityManagerFactory for persistence unit 'default'
2023-09-06 10:01:31,988 INFO com.zaxxer.hikari.HikariDataSource [Thread-39] HikariPool-7 - Shutdown initiated...
2023-09-06 10:01:32,014 INFO com.zaxxer.hikari.HikariDataSource [Thread-39] HikariPool-7 - Shutdown completed.
2023-09-06 10:01:32,146 INFO com.data.percept.PerceptApplication [restartedMain] Inicio PerceptApplication
2023-09-06 10:01:34,699 INFO com.data.percept.PerceptApplication [restartedMain] Starting PerceptApplication using Java 11.0.19 on CPX-R3Q0SB8SNR6 with PID 12408 (C:\Users\andre.p.cassiano\projeto-data-percept\data-percept\percept\target\classes started by andre.p.cassiano in C:\Users\andre.p.cassiano\projeto-data-percept\data-percept)
2023-09-06 10:01:34,700 DEBUG com.data.percept.PerceptApplication [restartedMain] Running with Spring Boot v2.6.3, Spring v5.3.15
2023-09-06 10:01:34,700 INFO com.data.percept.PerceptApplication [restartedMain] No active profile set, falling back to default profiles: default
2023-09-06 10:01:35,229 INFO org.springframework.data.repository.config.RepositoryConfigurationDelegate [restartedMain] Bootstrapping Spring Data JPA repositories in DEFAULT mode.
2023-09-06 10:01:35,288 INFO org.springframework.data.repository.config.RepositoryConfigurationDelegate [restartedMain] Finished Spring Data repository scanning in 58 ms. Found 5 JPA repository interfaces.
2023-09-06 10:01:35,349 INFO org.springframework.cloud.context.scope.GenericScope [restartedMain] BeanFactory id=2a0c7234-3875-3d68-a5c6-871295295390
2023-09-06 10:01:35,458 INFO org.springframework.boot.web.embedded.tomcat.TomcatWebServer [restartedMain] Tomcat initialized with port(s): 8080 (http)
2023-09-06 10:01:35,459 INFO org.apache.coyote.http11.Http11NioProtocol [restartedMain] Initializing ProtocolHandler ["http-nio-8080"]
2023-09-06 10:01:35,459 INFO org.apache.catalina.core.StandardService [restartedMain] Starting service [Tomcat]
2023-09-06 10:01:35,459 INFO org.apache.catalina.core.StandardEngine [restartedMain] Starting Servlet engine: [Apache Tomcat/9.0.56]
2023-09-06 10:01:35,554 INFO org.apache.catalina.core.ContainerBase.[Tomcat].[localhost].[/] [restartedMain] Initializing Spring embedded WebApplicationContext
2023-09-06 10:01:35,555 INFO org.springframework.boot.web.servlet.context.ServletWebServerApplicationContext [restartedMain] Root WebApplicationContext: initialization completed in 850 ms
2023-09-06 10:01:35,597 INFO org.hibernate.jpa.internal.util.LogHelper [restartedMain] HHH000204: Processing PersistenceUnitInfo [name: default]
2023-09-06 10:01:35,607 INFO com.zaxxer.hikari.HikariDataSource [restartedMain] HikariPool-8 - Starting...
2023-09-06 10:01:35,614 INFO com.zaxxer.hikari.HikariDataSource [restartedMain] HikariPool-8 - Start completed.
2023-09-06 10:01:35,614 INFO org.hibernate.dialect.Dialect [restartedMain] HHH000400: Using dialect: org.hibernate.dialect.MySQL5InnoDBDialect
2023-09-06 10:01:35,715 INFO org.hibernate.engine.transaction.jta.platform.internal.JtaPlatformInitiator [restartedMain] HHH000490: Using JtaPlatform implementation: [org.hibernate.engine.transaction.jta.platform.internal.NoJtaPlatform]
2023-09-06 10:01:35,715 INFO org.springframework.orm.jpa.LocalContainerEntityManagerFactoryBean [restartedMain] Initialized JPA EntityManagerFactory for persistence unit 'default'
2023-09-06 10:01:35,901 WARN org.springframework.boot.autoconfigure.orm.jpa.JpaBaseConfiguration$JpaWebConfiguration [restartedMain] spring.jpa.open-in-view is enabled by default. Therefore, database queries may be performed during view rendering. Explicitly configure spring.jpa.open-in-view to disable this warning
2023-09-06 10:01:36,002 INFO org.springframework.boot.devtools.autoconfigure.OptionalLiveReloadServer [restartedMain] LiveReload server is running on port 35729
2023-09-06 10:01:37,458 INFO org.apache.coyote.http11.Http11NioProtocol [restartedMain] Starting ProtocolHandler ["http-nio-8080"]
2023-09-06 10:01:37,461 INFO org.springframework.boot.web.embedded.tomcat.TomcatWebServer [restartedMain] Tomcat started on port(s): 8080 (http) with context path ''
2023-09-06 10:01:39,020 INFO com.data.percept.PerceptApplication [restartedMain] Started PerceptApplication in 6.846 seconds (JVM running for 992.572)
2023-09-06 10:01:39,021 INFO org.springframework.boot.devtools.autoconfigure.ConditionEvaluationDeltaLoggingListener [restartedMain] Condition evaluation unchanged
2023-09-06 10:01:39,022 INFO com.data.percept.PerceptApplication [restartedMain] Pronto para uso Inicio PerceptApplication
2023-09-06 10:01:39,775 INFO org.springframework.orm.jpa.LocalContainerEntityManagerFactoryBean [Thread-45] Closing JPA EntityManagerFactory for persistence unit 'default'
2023-09-06 10:01:39,776 INFO com.zaxxer.hikari.HikariDataSource [Thread-45] HikariPool-8 - Shutdown initiated...
2023-09-06 10:01:39,784 INFO com.zaxxer.hikari.HikariDataSource [Thread-45] HikariPool-8 - Shutdown completed.
2023-09-06 10:01:39,855 INFO com.data.percept.PerceptApplication [restartedMain] Inicio PerceptApplication
2023-09-06 10:01:40,920 INFO com.data.percept.PerceptApplication [restartedMain] Starting PerceptApplication using Java 11.0.19 on CPX-R3Q0SB8SNR6 with PID 12408 (C:\Users\andre.p.cassiano\projeto-data-percept\data-percept\percept\target\classes started by andre.p.cassiano in C:\Users\andre.p.cassiano\projeto-data-percept\data-percept)
2023-09-06 10:01:40,920 DEBUG com.data.percept.PerceptApplication [restartedMain] Running with Spring Boot v2.6.3, Spring v5.3.15
2023-09-06 10:01:40,920 INFO com.data.percept.PerceptApplication [restartedMain] No active profile set, falling back to default profiles: default
2023-09-06 10:01:41,178 INFO org.springframework.data.repository.config.RepositoryConfigurationDelegate [restartedMain] Bootstrapping Spring Data JPA repositories in DEFAULT mode.
2023-09-06 10:01:41,219 INFO org.springframework.data.repository.config.RepositoryConfigurationDelegate [restartedMain] Finished Spring Data repository scanning in 40 ms. Found 5 JPA repository interfaces.
2023-09-06 10:01:41,265 INFO org.springframework.cloud.context.scope.GenericScope [restartedMain] BeanFactory id=2a0c7234-3875-3d68-a5c6-871295295390
2023-09-06 10:01:41,340 INFO org.springframework.boot.web.embedded.tomcat.TomcatWebServer [restartedMain] Tomcat initialized with port(s): 8080 (http)
2023-09-06 10:01:41,341 INFO org.apache.coyote.http11.Http11NioProtocol [restartedMain] Initializing ProtocolHandler ["http-nio-8080"]
2023-09-06 10:01:41,341 INFO org.apache.catalina.core.StandardService [restartedMain] Starting service [Tomcat]
2023-09-06 10:01:41,341 INFO org.apache.catalina.core.StandardEngine [restartedMain] Starting Servlet engine: [Apache Tomcat/9.0.56]
2023-09-06 10:01:41,414 INFO org.apache.catalina.core.ContainerBase.[Tomcat].[localhost].[/] [restartedMain] Initializing Spring embedded WebApplicationContext
2023-09-06 10:01:41,414 INFO org.springframework.boot.web.servlet.context.ServletWebServerApplicationContext [restartedMain] Root WebApplicationContext: initialization completed in 492 ms
2023-09-06 10:01:41,449 INFO org.hibernate.jpa.internal.util.LogHelper [restartedMain] HHH000204: Processing PersistenceUnitInfo [name: default]
2023-09-06 10:01:41,456 INFO com.zaxxer.hikari.HikariDataSource [restartedMain] HikariPool-9 - Starting...
2023-09-06 10:01:41,461 INFO com.zaxxer.hikari.HikariDataSource [restartedMain] HikariPool-9 - Start completed.
2023-09-06 10:01:41,461 INFO org.hibernate.dialect.Dialect [restartedMain] HHH000400: Using dialect: org.hibernate.dialect.MySQL5InnoDBDialect
2023-09-06 10:01:41,546 INFO org.hibernate.engine.transaction.jta.platform.internal.JtaPlatformInitiator [restartedMain] HHH000490: Using JtaPlatform implementation: [org.hibernate.engine.transaction.jta.platform.internal.NoJtaPlatform]
2023-09-06 10:01:41,546 INFO org.springframework.orm.jpa.LocalContainerEntityManagerFactoryBean [restartedMain] Initialized JPA EntityManagerFactory for persistence unit 'default'
2023-09-06 10:01:41,719 WARN org.springframework.boot.autoconfigure.orm.jpa.JpaBaseConfiguration$JpaWebConfiguration [restartedMain] spring.jpa.open-in-view is enabled by default. Therefore, database queries may be performed during view rendering. Explicitly configure spring.jpa.open-in-view to disable this warning
2023-09-06 10:01:41,825 INFO org.springframework.boot.devtools.autoconfigure.OptionalLiveReloadServer [restartedMain] LiveReload server is running on port 35729
2023-09-06 10:01:43,197 INFO org.apache.coyote.http11.Http11NioProtocol [restartedMain] Starting ProtocolHandler ["http-nio-8080"]
2023-09-06 10:01:43,200 INFO org.springframework.boot.web.embedded.tomcat.TomcatWebServer [restartedMain] Tomcat started on port(s): 8080 (http) with context path ''
2023-09-06 10:01:43,718 INFO org.apache.catalina.core.ContainerBase.[Tomcat].[localhost].[/] [http-nio-8080-exec-2] Initializing Spring DispatcherServlet 'dispatcherServlet'
2023-09-06 10:01:43,719 INFO org.springframework.web.servlet.DispatcherServlet [http-nio-8080-exec-2] Initializing Servlet 'dispatcherServlet'
2023-09-06 10:01:43,721 INFO org.springframework.web.servlet.DispatcherServlet [http-nio-8080-exec-2] Completed initialization in 1 ms
2023-09-06 10:01:43,744 INFO com.data.percept.controller.CreateRemessaBoleto [http-nio-8080-exec-2] CreateRemessaBoleto: start
2023-09-06 10:01:45,310 INFO com.data.percept.PerceptApplication [restartedMain] Started PerceptApplication in 5.444 seconds (JVM running for 998.862)
2023-09-06 10:01:45,311 INFO org.springframework.boot.devtools.autoconfigure.ConditionEvaluationDeltaLoggingListener [restartedMain] Condition evaluation unchanged
2023-09-06 10:01:45,312 INFO com.data.percept.PerceptApplication [restartedMain] Pronto para uso Inicio PerceptApplication
2023-09-06 10:02:11,422 INFO org.springframework.orm.jpa.LocalContainerEntityManagerFactoryBean [Thread-51] Closing JPA EntityManagerFactory for persistence unit 'default'
2023-09-06 10:02:11,423 INFO com.zaxxer.hikari.HikariDataSource [Thread-51] HikariPool-9 - Shutdown initiated...
2023-09-06 10:02:11,432 INFO com.zaxxer.hikari.HikariDataSource [Thread-51] HikariPool-9 - Shutdown completed.
2023-09-06 10:02:11,568 INFO com.data.percept.PerceptApplication [restartedMain] Inicio PerceptApplication
2023-09-06 10:02:13,169 INFO com.data.percept.PerceptApplication [restartedMain] Starting PerceptApplication using Java 11.0.19 on CPX-R3Q0SB8SNR6 with PID 12408 (C:\Users\andre.p.cassiano\projeto-data-percept\data-percept\percept\target\classes started by andre.p.cassiano in C:\Users\andre.p.cassiano\projeto-data-percept\data-percept)
2023-09-06 10:02:13,169 DEBUG com.data.percept.PerceptApplication [restartedMain] Running with Spring Boot v2.6.3, Spring v5.3.15
2023-09-06 10:02:13,169 INFO com.data.percept.PerceptApplication [restartedMain] No active profile set, falling back to default profiles: default
2023-09-06 10:02:13,481 INFO org.springframework.data.repository.config.RepositoryConfigurationDelegate [restartedMain] Bootstrapping Spring Data JPA repositories in DEFAULT mode.
2023-09-06 10:02:13,526 INFO org.springframework.data.repository.config.RepositoryConfigurationDelegate [restartedMain] Finished Spring Data repository scanning in 44 ms. Found 5 JPA repository interfaces.
2023-09-06 10:02:13,579 INFO org.springframework.cloud.context.scope.GenericScope [restartedMain] BeanFactory id=2a0c7234-3875-3d68-a5c6-871295295390
2023-09-06 10:02:13,733 INFO org.springframework.boot.web.embedded.tomcat.TomcatWebServer [restartedMain] Tomcat initialized with port(s): 8080 (http)
2023-09-06 10:02:13,735 INFO org.apache.coyote.http11.Http11NioProtocol [restartedMain] Initializing ProtocolHandler ["http-nio-8080"]
2023-09-06 10:02:13,735 INFO org.apache.catalina.core.StandardService [restartedMain] Starting service [Tomcat]
2023-09-06 10:02:13,736 INFO org.apache.catalina.core.StandardEngine [restartedMain] Starting Servlet engine: [Apache Tomcat/9.0.56]
2023-09-06 10:02:13,847 INFO org.apache.catalina.core.ContainerBase.[Tomcat].[localhost].[/] [restartedMain] Initializing Spring embedded WebApplicationContext
2023-09-06 10:02:13,847 INFO org.springframework.boot.web.servlet.context.ServletWebServerApplicationContext [restartedMain] Root WebApplicationContext: initialization completed in 676 ms
2023-09-06 10:02:13,892 INFO org.hibernate.jpa.internal.util.LogHelper [restartedMain] HHH000204: Processing PersistenceUnitInfo [name: default]
2023-09-06 10:02:13,902 INFO com.zaxxer.hikari.HikariDataSource [restartedMain] HikariPool-10 - Starting...
2023-09-06 10:02:13,908 INFO com.zaxxer.hikari.HikariDataSource [restartedMain] HikariPool-10 - Start completed.
2023-09-06 10:02:13,909 INFO org.hibernate.dialect.Dialect [restartedMain] HHH000400: Using dialect: org.hibernate.dialect.MySQL5InnoDBDialect
2023-09-06 10:02:14,090 INFO org.hibernate.engine.transaction.jta.platform.internal.JtaPlatformInitiator [restartedMain] HHH000490: Using JtaPlatform implementation: [org.hibernate.engine.transaction.jta.platform.internal.NoJtaPlatform]
2023-09-06 10:02:14,090 INFO org.springframework.orm.jpa.LocalContainerEntityManagerFactoryBean [restartedMain] Initialized JPA EntityManagerFactory for persistence unit 'default'
2023-09-06 10:02:14,332 WARN org.springframework.boot.autoconfigure.orm.jpa.JpaBaseConfiguration$JpaWebConfiguration [restartedMain] spring.jpa.open-in-view is enabled by default. Therefore, database queries may be performed during view rendering. Explicitly configure spring.jpa.open-in-view to disable this warning
2023-09-06 10:02:14,513 INFO org.springframework.boot.devtools.autoconfigure.OptionalLiveReloadServer [restartedMain] LiveReload server is running on port 35729
2023-09-06 10:02:15,925 INFO org.apache.coyote.http11.Http11NioProtocol [restartedMain] Starting ProtocolHandler ["http-nio-8080"]
2023-09-06 10:02:15,928 INFO org.springframework.boot.web.embedded.tomcat.TomcatWebServer [restartedMain] Tomcat started on port(s): 8080 (http) with context path ''
2023-09-06 10:02:16,565 INFO org.apache.catalina.core.ContainerBase.[Tomcat].[localhost].[/] [http-nio-8080-exec-2] Initializing Spring DispatcherServlet 'dispatcherServlet'
2023-09-06 10:02:16,566 INFO org.springframework.web.servlet.DispatcherServlet [http-nio-8080-exec-2] Initializing Servlet 'dispatcherServlet'
2023-09-06 10:02:16,568 INFO org.springframework.web.servlet.DispatcherServlet [http-nio-8080-exec-2] Completed initialization in 1 ms
2023-09-06 10:02:16,582 INFO com.data.percept.controller.CreateRemessaBoleto [http-nio-8080-exec-2] CreateRemessaBoleto: start
2023-09-06 10:02:17,388 INFO com.data.percept.PerceptApplication [restartedMain] Started PerceptApplication in 5.806 seconds (JVM running for 1030.941)
2023-09-06 10:02:17,389 INFO org.springframework.boot.devtools.autoconfigure.ConditionEvaluationDeltaLoggingListener [restartedMain] Condition evaluation unchanged
2023-09-06 10:02:17,390 INFO com.data.percept.PerceptApplication [restartedMain] Pronto para uso Inicio PerceptApplication
