2023-09-16 09:44:15,695 INFO com.data.percept.PerceptApplication [restartedMain] Inicio PerceptApplication
2023-09-16 09:44:22,016 INFO com.data.percept.PerceptApplication [restartedMain] Starting PerceptApplication using Java 11.0.19 on CPX-R3Q0SB8SNR6 with PID 17552 (C:\Users\andre.p.cassiano\projeto-data-percept\data-percept\percept\target\classes started by andre.p.cassiano in C:\Users\andre.p.cassiano\projeto-data-percept\data-percept\percept)
2023-09-16 09:44:22,016 DEBUG com.data.percept.PerceptApplication [restartedMain] Running with Spring Boot v2.6.3, Spring v5.3.15
2023-09-16 09:44:22,017 INFO com.data.percept.PerceptApplication [restartedMain] No active profile set, falling back to default profiles: default
2023-09-16 09:44:22,796 INFO org.springframework.data.repository.config.RepositoryConfigurationDelegate [restartedMain] Bootstrapping Spring Data JPA repositories in DEFAULT mode.
2023-09-16 09:44:22,943 INFO org.springframework.data.repository.config.RepositoryConfigurationDelegate [restartedMain] Finished Spring Data repository scanning in 147 ms. Found 10 JPA repository interfaces.
2023-09-16 09:44:23,023 INFO org.springframework.cloud.context.scope.GenericScope [restartedMain] BeanFactory id=524a8297-519e-3985-bec5-f6c008ced8cf
2023-09-16 09:44:23,178 INFO org.springframework.boot.web.embedded.tomcat.TomcatWebServer [restartedMain] Tomcat initialized with port(s): 8080 (http)
2023-09-16 09:44:23,178 INFO org.apache.coyote.http11.Http11NioProtocol [restartedMain] Initializing ProtocolHandler ["http-nio-8080"]
2023-09-16 09:44:23,180 INFO org.apache.catalina.core.StandardService [restartedMain] Starting service [Tomcat]
2023-09-16 09:44:23,180 INFO org.apache.catalina.core.StandardEngine [restartedMain] Starting Servlet engine: [Apache Tomcat/9.0.56]
2023-09-16 09:44:23,345 INFO org.apache.catalina.core.ContainerBase.[Tomcat-18].[localhost].[/] [restartedMain] Initializing Spring embedded WebApplicationContext
2023-09-16 09:44:23,345 INFO org.springframework.boot.web.servlet.context.ServletWebServerApplicationContext [restartedMain] Root WebApplicationContext: initialization completed in 1323 ms
2023-09-16 09:44:23,420 INFO org.hibernate.jpa.internal.util.LogHelper [restartedMain] HHH000204: Processing PersistenceUnitInfo [name: default]
2023-09-16 09:44:23,437 INFO com.zaxxer.hikari.HikariDataSource [restartedMain] HikariPool-60 - Starting...
2023-09-16 09:44:23,445 INFO com.zaxxer.hikari.HikariDataSource [restartedMain] HikariPool-60 - Start completed.
2023-09-16 09:44:23,446 INFO org.hibernate.dialect.Dialect [restartedMain] HHH000400: Using dialect: org.hibernate.dialect.MySQL5InnoDBDialect
2023-09-16 09:44:23,589 INFO org.hibernate.engine.transaction.jta.platform.internal.JtaPlatformInitiator [restartedMain] HHH000490: Using JtaPlatform implementation: [org.hibernate.engine.transaction.jta.platform.internal.NoJtaPlatform]
2023-09-16 09:44:23,590 INFO org.springframework.orm.jpa.LocalContainerEntityManagerFactoryBean [restartedMain] Initialized JPA EntityManagerFactory for persistence unit 'default'
2023-09-16 09:44:23,953 WARN org.springframework.boot.autoconfigure.orm.jpa.JpaBaseConfiguration$JpaWebConfiguration [restartedMain] spring.jpa.open-in-view is enabled by default. Therefore, database queries may be performed during view rendering. Explicitly configure spring.jpa.open-in-view to disable this warning
2023-09-16 09:44:24,075 INFO org.springframework.boot.devtools.autoconfigure.OptionalLiveReloadServer [restartedMain] LiveReload server is running on port 35729
2023-09-16 09:44:29,544 INFO org.apache.coyote.http11.Http11NioProtocol [restartedMain] Starting ProtocolHandler ["http-nio-8080"]
2023-09-16 09:44:29,548 INFO org.springframework.boot.web.embedded.tomcat.TomcatWebServer [restartedMain] Tomcat started on port(s): 8080 (http) with context path ''
2023-09-16 09:44:37,354 INFO com.data.percept.PerceptApplication [restartedMain] Started PerceptApplication in 21.619 seconds (JVM running for 6203.231)
2023-09-16 09:44:37,355 INFO org.springframework.boot.devtools.autoconfigure.ConditionEvaluationDeltaLoggingListener [restartedMain] Condition evaluation unchanged
2023-09-16 09:44:37,356 INFO com.data.percept.PerceptApplication [restartedMain] Pronto para uso Inicio PerceptApplication
2023-09-16 09:47:56,241 INFO org.springframework.orm.jpa.LocalContainerEntityManagerFactoryBean [Thread-301] Closing JPA EntityManagerFactory for persistence unit 'default'
2023-09-16 09:47:56,242 INFO com.zaxxer.hikari.HikariDataSource [Thread-301] HikariPool-60 - Shutdown initiated...
2023-09-16 09:47:56,246 INFO com.zaxxer.hikari.HikariDataSource [Thread-301] HikariPool-60 - Shutdown completed.
2023-09-16 09:47:56,651 INFO com.data.percept.PerceptApplication [restartedMain] Inicio PerceptApplication
2023-09-16 09:48:00,659 INFO com.data.percept.PerceptApplication [restartedMain] Starting PerceptApplication using Java 11.0.19 on CPX-R3Q0SB8SNR6 with PID 17552 (C:\Users\andre.p.cassiano\projeto-data-percept\data-percept\percept\target\classes started by andre.p.cassiano in C:\Users\andre.p.cassiano\projeto-data-percept\data-percept\percept)
2023-09-16 09:48:00,659 DEBUG com.data.percept.PerceptApplication [restartedMain] Running with Spring Boot v2.6.3, Spring v5.3.15
2023-09-16 09:48:00,659 INFO com.data.percept.PerceptApplication [restartedMain] No active profile set, falling back to default profiles: default
2023-09-16 09:48:01,235 INFO org.springframework.data.repository.config.RepositoryConfigurationDelegate [restartedMain] Bootstrapping Spring Data JPA repositories in DEFAULT mode.
2023-09-16 09:48:01,340 INFO org.springframework.data.repository.config.RepositoryConfigurationDelegate [restartedMain] Finished Spring Data repository scanning in 105 ms. Found 10 JPA repository interfaces.
2023-09-16 09:48:01,419 INFO org.springframework.cloud.context.scope.GenericScope [restartedMain] BeanFactory id=ebfcdda0-b16c-3ab4-8427-2e0743853ee5
2023-09-16 09:48:01,541 INFO org.springframework.boot.web.embedded.tomcat.TomcatWebServer [restartedMain] Tomcat initialized with port(s): 8080 (http)
2023-09-16 09:48:01,542 INFO org.apache.coyote.http11.Http11NioProtocol [restartedMain] Initializing ProtocolHandler ["http-nio-8080"]
2023-09-16 09:48:01,542 INFO org.apache.catalina.core.StandardService [restartedMain] Starting service [Tomcat]
2023-09-16 09:48:01,542 INFO org.apache.catalina.core.StandardEngine [restartedMain] Starting Servlet engine: [Apache Tomcat/9.0.56]
2023-09-16 09:48:01,687 INFO org.apache.catalina.core.ContainerBase.[Tomcat-18].[localhost].[/] [restartedMain] Initializing Spring embedded WebApplicationContext
2023-09-16 09:48:01,687 INFO org.springframework.boot.web.servlet.context.ServletWebServerApplicationContext [restartedMain] Root WebApplicationContext: initialization completed in 1025 ms
2023-09-16 09:48:01,757 INFO org.hibernate.jpa.internal.util.LogHelper [restartedMain] HHH000204: Processing PersistenceUnitInfo [name: default]
2023-09-16 09:48:01,777 INFO com.zaxxer.hikari.HikariDataSource [restartedMain] HikariPool-61 - Starting...
2023-09-16 09:48:01,785 INFO com.zaxxer.hikari.HikariDataSource [restartedMain] HikariPool-61 - Start completed.
2023-09-16 09:48:01,785 INFO org.hibernate.dialect.Dialect [restartedMain] HHH000400: Using dialect: org.hibernate.dialect.MySQL5InnoDBDialect
2023-09-16 09:48:01,932 INFO org.hibernate.engine.transaction.jta.platform.internal.JtaPlatformInitiator [restartedMain] HHH000490: Using JtaPlatform implementation: [org.hibernate.engine.transaction.jta.platform.internal.NoJtaPlatform]
2023-09-16 09:48:01,933 INFO org.springframework.orm.jpa.LocalContainerEntityManagerFactoryBean [restartedMain] Initialized JPA EntityManagerFactory for persistence unit 'default'
2023-09-16 09:48:02,380 WARN org.springframework.boot.autoconfigure.orm.jpa.JpaBaseConfiguration$JpaWebConfiguration [restartedMain] spring.jpa.open-in-view is enabled by default. Therefore, database queries may be performed during view rendering. Explicitly configure spring.jpa.open-in-view to disable this warning
2023-09-16 09:48:02,518 INFO org.springframework.boot.devtools.autoconfigure.OptionalLiveReloadServer [restartedMain] LiveReload server is running on port 35729
2023-09-16 09:48:05,701 INFO org.apache.coyote.http11.Http11NioProtocol [restartedMain] Starting ProtocolHandler ["http-nio-8080"]
2023-09-16 09:48:05,704 INFO org.springframework.boot.web.embedded.tomcat.TomcatWebServer [restartedMain] Tomcat started on port(s): 8080 (http) with context path ''
2023-09-16 09:48:08,322 INFO com.data.percept.PerceptApplication [restartedMain] Started PerceptApplication in 11.653 seconds (JVM running for 6414.196)
2023-09-16 09:48:08,323 INFO org.springframework.boot.devtools.autoconfigure.ConditionEvaluationDeltaLoggingListener [restartedMain] Condition evaluation unchanged
2023-09-16 09:48:08,324 INFO com.data.percept.PerceptApplication [restartedMain] Pronto para uso Inicio PerceptApplication
2023-09-16 09:48:26,081 INFO org.springframework.orm.jpa.LocalContainerEntityManagerFactoryBean [Thread-327] Closing JPA EntityManagerFactory for persistence unit 'default'
2023-09-16 09:48:26,082 INFO com.zaxxer.hikari.HikariDataSource [Thread-327] HikariPool-61 - Shutdown initiated...
2023-09-16 09:48:26,086 INFO com.zaxxer.hikari.HikariDataSource [Thread-327] HikariPool-61 - Shutdown completed.
2023-09-16 09:48:26,283 INFO com.data.percept.PerceptApplication [restartedMain] Inicio PerceptApplication
2023-09-16 09:48:29,874 INFO com.data.percept.PerceptApplication [restartedMain] Starting PerceptApplication using Java 11.0.19 on CPX-R3Q0SB8SNR6 with PID 17552 (C:\Users\andre.p.cassiano\projeto-data-percept\data-percept\percept\target\classes started by andre.p.cassiano in C:\Users\andre.p.cassiano\projeto-data-percept\data-percept\percept)
2023-09-16 09:48:29,875 DEBUG com.data.percept.PerceptApplication [restartedMain] Running with Spring Boot v2.6.3, Spring v5.3.15
2023-09-16 09:48:29,875 INFO com.data.percept.PerceptApplication [restartedMain] No active profile set, falling back to default profiles: default
2023-09-16 09:48:30,140 INFO org.springframework.data.repository.config.RepositoryConfigurationDelegate [restartedMain] Bootstrapping Spring Data JPA repositories in DEFAULT mode.
2023-09-16 09:48:30,234 INFO org.springframework.data.repository.config.RepositoryConfigurationDelegate [restartedMain] Finished Spring Data repository scanning in 94 ms. Found 10 JPA repository interfaces.
2023-09-16 09:48:30,271 INFO org.springframework.cloud.context.scope.GenericScope [restartedMain] BeanFactory id=ebfcdda0-b16c-3ab4-8427-2e0743853ee5
2023-09-16 09:48:30,341 INFO org.springframework.boot.web.embedded.tomcat.TomcatWebServer [restartedMain] Tomcat initialized with port(s): 8080 (http)
2023-09-16 09:48:30,341 INFO org.apache.coyote.http11.Http11NioProtocol [restartedMain] Initializing ProtocolHandler ["http-nio-8080"]
2023-09-16 09:48:30,341 INFO org.apache.catalina.core.StandardService [restartedMain] Starting service [Tomcat]
2023-09-16 09:48:30,341 INFO org.apache.catalina.core.StandardEngine [restartedMain] Starting Servlet engine: [Apache Tomcat/9.0.56]
2023-09-16 09:48:30,425 INFO org.apache.catalina.core.ContainerBase.[Tomcat-18].[localhost].[/] [restartedMain] Initializing Spring embedded WebApplicationContext
2023-09-16 09:48:30,425 INFO org.springframework.boot.web.servlet.context.ServletWebServerApplicationContext [restartedMain] Root WebApplicationContext: initialization completed in 549 ms
2023-09-16 09:48:30,460 INFO org.hibernate.jpa.internal.util.LogHelper [restartedMain] HHH000204: Processing PersistenceUnitInfo [name: default]
2023-09-16 09:48:30,472 INFO com.zaxxer.hikari.HikariDataSource [restartedMain] HikariPool-62 - Starting...
2023-09-16 09:48:30,476 INFO com.zaxxer.hikari.HikariDataSource [restartedMain] HikariPool-62 - Start completed.
2023-09-16 09:48:30,477 INFO org.hibernate.dialect.Dialect [restartedMain] HHH000400: Using dialect: org.hibernate.dialect.MySQL5InnoDBDialect
2023-09-16 09:48:30,567 INFO org.hibernate.engine.transaction.jta.platform.internal.JtaPlatformInitiator [restartedMain] HHH000490: Using JtaPlatform implementation: [org.hibernate.engine.transaction.jta.platform.internal.NoJtaPlatform]
2023-09-16 09:48:30,567 INFO org.springframework.orm.jpa.LocalContainerEntityManagerFactoryBean [restartedMain] Initialized JPA EntityManagerFactory for persistence unit 'default'
2023-09-16 09:48:30,880 WARN org.springframework.boot.autoconfigure.orm.jpa.JpaBaseConfiguration$JpaWebConfiguration [restartedMain] spring.jpa.open-in-view is enabled by default. Therefore, database queries may be performed during view rendering. Explicitly configure spring.jpa.open-in-view to disable this warning
2023-09-16 09:48:30,990 INFO org.springframework.boot.devtools.autoconfigure.OptionalLiveReloadServer [restartedMain] LiveReload server is running on port 35729
2023-09-16 09:48:33,588 INFO org.apache.coyote.http11.Http11NioProtocol [restartedMain] Starting ProtocolHandler ["http-nio-8080"]
2023-09-16 09:48:33,590 INFO org.springframework.boot.web.embedded.tomcat.TomcatWebServer [restartedMain] Tomcat started on port(s): 8080 (http) with context path ''
2023-09-16 09:48:35,648 INFO com.data.percept.PerceptApplication [restartedMain] Started PerceptApplication in 9.351 seconds (JVM running for 6441.522)
2023-09-16 09:48:35,650 INFO org.springframework.boot.devtools.autoconfigure.ConditionEvaluationDeltaLoggingListener [restartedMain] Condition evaluation unchanged
2023-09-16 09:48:35,650 INFO com.data.percept.PerceptApplication [restartedMain] Pronto para uso Inicio PerceptApplication
2023-09-16 09:48:59,106 INFO org.apache.catalina.core.ContainerBase.[Tomcat-18].[localhost].[/] [http-nio-8080-exec-2] Initializing Spring DispatcherServlet 'dispatcherServlet'
2023-09-16 09:48:59,107 INFO org.springframework.web.servlet.DispatcherServlet [http-nio-8080-exec-2] Initializing Servlet 'dispatcherServlet'
2023-09-16 09:48:59,108 INFO org.springframework.web.servlet.DispatcherServlet [http-nio-8080-exec-2] Completed initialization in 1 ms
2023-09-16 09:48:59,112 INFO com.data.percept.PerceptApplication [http-nio-8080-exec-2] GovRestController: Inicio
2023-09-16 09:48:59,112 INFO com.data.percept.PerceptApplication [http-nio-8080-exec-2] GovRestController: Entrando no consultaInfo
2023-09-16 09:50:25,093 INFO org.springframework.boot.test.context.SpringBootTestContextBootstrapper [main] Neither @ContextConfiguration nor @ContextHierarchy found for test class [com.data.percept.PerceptApplicationTests], using SpringBootContextLoader
2023-09-16 09:50:25,107 INFO org.springframework.test.context.support.AbstractContextLoader [main] Could not detect default resource locations for test class [com.data.percept.PerceptApplicationTests]: no resource found for suffixes {-context.xml, Context.groovy}.
2023-09-16 09:50:25,109 INFO org.springframework.test.context.support.AnnotationConfigContextLoaderUtils [main] Could not detect default configuration classes for test class [com.data.percept.PerceptApplicationTests]: PerceptApplicationTests does not declare any static, non-private, non-final, nested classes annotated with @Configuration.
2023-09-16 09:50:25,376 INFO org.springframework.boot.test.context.SpringBootTestContextBootstrapper [main] Found @SpringBootConfiguration com.data.percept.PerceptApplication for test class com.data.percept.PerceptApplicationTests
2023-09-16 09:50:25,640 INFO org.springframework.boot.test.context.SpringBootTestContextBootstrapper [main] Loaded default TestExecutionListener class names from location [META-INF/spring.factories]: [org.springframework.boot.test.mock.mockito.MockitoTestExecutionListener, org.springframework.boot.test.mock.mockito.ResetMocksTestExecutionListener, org.springframework.boot.test.autoconfigure.restdocs.RestDocsTestExecutionListener, org.springframework.boot.test.autoconfigure.web.client.MockRestServiceServerResetTestExecutionListener, org.springframework.boot.test.autoconfigure.web.servlet.MockMvcPrintOnlyOnFailureTestExecutionListener, org.springframework.boot.test.autoconfigure.web.servlet.WebDriverTestExecutionListener, org.springframework.boot.test.autoconfigure.webservices.client.MockWebServiceServerTestExecutionListener, org.springframework.test.context.web.ServletTestExecutionListener, org.springframework.test.context.support.DirtiesContextBeforeModesTestExecutionListener, org.springframework.test.context.event.ApplicationEventsTestExecutionListener, org.springframework.test.context.support.DependencyInjectionTestExecutionListener, org.springframework.test.context.support.DirtiesContextTestExecutionListener, org.springframework.test.context.transaction.TransactionalTestExecutionListener, org.springframework.test.context.jdbc.SqlScriptsTestExecutionListener, org.springframework.test.context.event.EventPublishingTestExecutionListener]
2023-09-16 09:50:25,687 INFO org.springframework.boot.test.context.SpringBootTestContextBootstrapper [main] Using TestExecutionListeners: [org.springframework.test.context.web.ServletTestExecutionListener@3ec11999, org.springframework.test.context.support.DirtiesContextBeforeModesTestExecutionListener@5c1bd44c, org.springframework.test.context.event.ApplicationEventsTestExecutionListener@9f46d94, org.springframework.boot.test.mock.mockito.MockitoTestExecutionListener@18cc679e, org.springframework.boot.test.autoconfigure.SpringBootDependencyInjectionTestExecutionListener@2e77b8cf, org.springframework.test.context.support.DirtiesContextTestExecutionListener@2c4ca0f9, org.springframework.test.context.transaction.TransactionalTestExecutionListener@67ef029, org.springframework.test.context.jdbc.SqlScriptsTestExecutionListener@7df587ef, org.springframework.test.context.event.EventPublishingTestExecutionListener@6e57e95e, org.springframework.boot.test.mock.mockito.ResetMocksTestExecutionListener@2755d705, org.springframework.boot.test.autoconfigure.restdocs.RestDocsTestExecutionListener@56db847e, org.springframework.boot.test.autoconfigure.web.client.MockRestServiceServerResetTestExecutionListener@740abb5, org.springframework.boot.test.autoconfigure.web.servlet.MockMvcPrintOnlyOnFailureTestExecutionListener@560cbf1a, org.springframework.boot.test.autoconfigure.web.servlet.WebDriverTestExecutionListener@5fe8b721, org.springframework.boot.test.autoconfigure.webservices.client.MockWebServiceServerTestExecutionListener@551a20d6]
2023-09-16 09:50:29,554 INFO com.data.percept.PerceptApplicationTests [main] Starting PerceptApplicationTests using Java 11.0.19 on CPX-R3Q0SB8SNR6 with PID 27644 (started by andre.p.cassiano in C:\Users\andre.p.cassiano\projeto-data-percept\data-percept\percept)
2023-09-16 09:50:29,555 DEBUG com.data.percept.PerceptApplicationTests [main] Running with Spring Boot v2.6.3, Spring v5.3.15
2023-09-16 09:50:29,555 INFO com.data.percept.PerceptApplicationTests [main] No active profile set, falling back to default profiles: default
2023-09-16 09:50:29,574 INFO org.hibernate.validator.internal.util.Version [background-preinit] HV000001: Hibernate Validator 6.2.0.Final
2023-09-16 09:50:31,641 INFO org.springframework.data.repository.config.RepositoryConfigurationDelegate [main] Bootstrapping Spring Data JPA repositories in DEFAULT mode.
2023-09-16 09:50:31,933 INFO org.springframework.data.repository.config.RepositoryConfigurationDelegate [main] Finished Spring Data repository scanning in 267 ms. Found 10 JPA repository interfaces.
2023-09-16 09:50:32,665 INFO org.springframework.cloud.context.scope.GenericScope [main] BeanFactory id=2837c0a7-7c63-3644-bd92-8b34b4d18d94
2023-09-16 09:50:33,801 INFO org.hibernate.jpa.internal.util.LogHelper [main] HHH000204: Processing PersistenceUnitInfo [name: default]
2023-09-16 09:50:33,978 INFO org.hibernate.Version [main] HHH000412: Hibernate ORM core version 5.6.4.Final
2023-09-16 09:50:34,467 INFO org.hibernate.annotations.common.Version [main] HCANN000001: Hibernate Commons Annotations {5.1.2.Final}
2023-09-16 09:50:36,404 INFO com.zaxxer.hikari.HikariDataSource [main] HikariPool-1 - Starting...
2023-09-16 09:50:37,002 INFO com.zaxxer.hikari.HikariDataSource [main] HikariPool-1 - Start completed.
2023-09-16 09:50:37,053 INFO org.hibernate.dialect.Dialect [main] HHH000400: Using dialect: org.hibernate.dialect.MySQL5InnoDBDialect
2023-09-16 09:50:39,018 INFO org.hibernate.engine.transaction.jta.platform.internal.JtaPlatformInitiator [main] HHH000490: Using JtaPlatform implementation: [org.hibernate.engine.transaction.jta.platform.internal.NoJtaPlatform]
2023-09-16 09:50:39,045 INFO org.springframework.orm.jpa.LocalContainerEntityManagerFactoryBean [main] Initialized JPA EntityManagerFactory for persistence unit 'default'
2023-09-16 09:50:40,378 WARN org.springframework.boot.autoconfigure.orm.jpa.JpaBaseConfiguration$JpaWebConfiguration [main] spring.jpa.open-in-view is enabled by default. Therefore, database queries may be performed during view rendering. Explicitly configure spring.jpa.open-in-view to disable this warning
2023-09-16 09:50:45,629 INFO com.data.percept.PerceptApplicationTests [main] Started PerceptApplicationTests in 19.81 seconds (JVM running for 22.743)
2023-09-16 09:50:46,477 INFO com.data.percept.controller.CreateCustumerController [main] createAccount: create account
2023-09-16 09:50:46,477 INFO com.data.percept.controller.CreateCustumerController [main] createAccount: start
2023-09-16 09:50:46,485 INFO com.data.percept.controller.CreateCustumerController [main] createAccount: customer not exist
2023-09-16 09:50:46,512 INFO com.data.percept.controller.CreateCustumerController [main] createCustumer: start
2023-09-16 09:50:46,516 INFO com.data.percept.controller.CreateCustumerController [main] createCustumer: create customer
2023-09-16 09:50:46,523 INFO com.data.percept.controller.CreateCustumerController [main] createCustumer: erro
java.lang.Exception: O Campo Nome e obrigatorio.
	at com.data.percept.models.Account.setNameTitutular(Account.java:63)
	at com.data.percept.controller.CreateCustumerController.createCustumer(CreateCustumerController.java:64)
	at com.data.percept.services.CreateCustumerTest.testCreateCustumer(CreateCustumerTest.java:49)
	at java.base/jdk.internal.reflect.NativeMethodAccessorImpl.invoke0(Native Method)
	at java.base/jdk.internal.reflect.NativeMethodAccessorImpl.invoke(NativeMethodAccessorImpl.java:62)
	at java.base/jdk.internal.reflect.DelegatingMethodAccessorImpl.invoke(DelegatingMethodAccessorImpl.java:43)
	at java.base/java.lang.reflect.Method.invoke(Method.java:566)
	at org.junit.platform.commons.util.ReflectionUtils.invokeMethod(ReflectionUtils.java:725)
	at org.junit.jupiter.engine.execution.MethodInvocation.proceed(MethodInvocation.java:60)
	at org.junit.jupiter.engine.execution.InvocationInterceptorChain$ValidatingInvocation.proceed(InvocationInterceptorChain.java:131)
	at org.junit.jupiter.engine.extension.TimeoutExtension.intercept(TimeoutExtension.java:149)
	at org.junit.jupiter.engine.extension.TimeoutExtension.interceptTestableMethod(TimeoutExtension.java:140)
	at org.junit.jupiter.engine.extension.TimeoutExtension.interceptTestMethod(TimeoutExtension.java:84)
	at org.junit.jupiter.engine.execution.ExecutableInvoker$ReflectiveInterceptorCall.lambda$ofVoidMethod$0(ExecutableInvoker.java:115)
	at org.junit.jupiter.engine.execution.ExecutableInvoker.lambda$invoke$0(ExecutableInvoker.java:105)
	at org.junit.jupiter.engine.execution.InvocationInterceptorChain$InterceptedInvocation.proceed(InvocationInterceptorChain.java:106)
	at org.junit.jupiter.engine.execution.InvocationInterceptorChain.proceed(InvocationInterceptorChain.java:64)
	at org.junit.jupiter.engine.execution.InvocationInterceptorChain.chainAndInvoke(InvocationInterceptorChain.java:45)
	at org.junit.jupiter.engine.execution.InvocationInterceptorChain.invoke(InvocationInterceptorChain.java:37)
	at org.junit.jupiter.engine.execution.ExecutableInvoker.invoke(ExecutableInvoker.java:104)
	at org.junit.jupiter.engine.execution.ExecutableInvoker.invoke(ExecutableInvoker.java:98)
	at org.junit.jupiter.engine.descriptor.TestMethodTestDescriptor.lambda$invokeTestMethod$7(TestMethodTestDescriptor.java:214)
	at org.junit.platform.engine.support.hierarchical.ThrowableCollector.execute(ThrowableCollector.java:73)
	at org.junit.jupiter.engine.descriptor.TestMethodTestDescriptor.invokeTestMethod(TestMethodTestDescriptor.java:210)
	at org.junit.jupiter.engine.descriptor.TestMethodTestDescriptor.execute(TestMethodTestDescriptor.java:135)
	at org.junit.jupiter.engine.descriptor.TestMethodTestDescriptor.execute(TestMethodTestDescriptor.java:66)
	at org.junit.platform.engine.support.hierarchical.NodeTestTask.lambda$executeRecursively$6(NodeTestTask.java:151)
	at org.junit.platform.engine.support.hierarchical.ThrowableCollector.execute(ThrowableCollector.java:73)
	at org.junit.platform.engine.support.hierarchical.NodeTestTask.lambda$executeRecursively$8(NodeTestTask.java:141)
	at org.junit.platform.engine.support.hierarchical.Node.around(Node.java:137)
	at org.junit.platform.engine.support.hierarchical.NodeTestTask.lambda$executeRecursively$9(NodeTestTask.java:139)
	at org.junit.platform.engine.support.hierarchical.ThrowableCollector.execute(ThrowableCollector.java:73)
	at org.junit.platform.engine.support.hierarchical.NodeTestTask.executeRecursively(NodeTestTask.java:138)
	at org.junit.platform.engine.support.hierarchical.NodeTestTask.execute(NodeTestTask.java:95)
	at java.base/java.util.ArrayList.forEach(ArrayList.java:1541)
	at org.junit.platform.engine.support.hierarchical.SameThreadHierarchicalTestExecutorService.invokeAll(SameThreadHierarchicalTestExecutorService.java:41)
	at org.junit.platform.engine.support.hierarchical.NodeTestTask.lambda$executeRecursively$6(NodeTestTask.java:155)
	at org.junit.platform.engine.support.hierarchical.ThrowableCollector.execute(ThrowableCollector.java:73)
	at org.junit.platform.engine.support.hierarchical.NodeTestTask.lambda$executeRecursively$8(NodeTestTask.java:141)
	at org.junit.platform.engine.support.hierarchical.Node.around(Node.java:137)
	at org.junit.platform.engine.support.hierarchical.NodeTestTask.lambda$executeRecursively$9(NodeTestTask.java:139)
	at org.junit.platform.engine.support.hierarchical.ThrowableCollector.execute(ThrowableCollector.java:73)
	at org.junit.platform.engine.support.hierarchical.NodeTestTask.executeRecursively(NodeTestTask.java:138)
	at org.junit.platform.engine.support.hierarchical.NodeTestTask.execute(NodeTestTask.java:95)
	at java.base/java.util.ArrayList.forEach(ArrayList.java:1541)
	at org.junit.platform.engine.support.hierarchical.SameThreadHierarchicalTestExecutorService.invokeAll(SameThreadHierarchicalTestExecutorService.java:41)
	at org.junit.platform.engine.support.hierarchical.NodeTestTask.lambda$executeRecursively$6(NodeTestTask.java:155)
	at org.junit.platform.engine.support.hierarchical.ThrowableCollector.execute(ThrowableCollector.java:73)
	at org.junit.platform.engine.support.hierarchical.NodeTestTask.lambda$executeRecursively$8(NodeTestTask.java:141)
	at org.junit.platform.engine.support.hierarchical.Node.around(Node.java:137)
	at org.junit.platform.engine.support.hierarchical.NodeTestTask.lambda$executeRecursively$9(NodeTestTask.java:139)
	at org.junit.platform.engine.support.hierarchical.ThrowableCollector.execute(ThrowableCollector.java:73)
	at org.junit.platform.engine.support.hierarchical.NodeTestTask.executeRecursively(NodeTestTask.java:138)
	at org.junit.platform.engine.support.hierarchical.NodeTestTask.execute(NodeTestTask.java:95)
	at org.junit.platform.engine.support.hierarchical.SameThreadHierarchicalTestExecutorService.submit(SameThreadHierarchicalTestExecutorService.java:35)
	at org.junit.platform.engine.support.hierarchical.HierarchicalTestExecutor.execute(HierarchicalTestExecutor.java:57)
	at org.junit.platform.engine.support.hierarchical.HierarchicalTestEngine.execute(HierarchicalTestEngine.java:54)
	at org.junit.platform.launcher.core.DefaultLauncher.execute(DefaultLauncher.java:220)
	at org.junit.platform.launcher.core.DefaultLauncher.lambda$execute$6(DefaultLauncher.java:188)
	at org.junit.platform.launcher.core.DefaultLauncher.withInterceptedStreams(DefaultLauncher.java:202)
	at org.junit.platform.launcher.core.DefaultLauncher.execute(DefaultLauncher.java:181)
	at org.junit.platform.launcher.core.DefaultLauncher.execute(DefaultLauncher.java:128)
	at org.apache.maven.surefire.junitplatform.JUnitPlatformProvider.invokeAllTests(JUnitPlatformProvider.java:150)
	at org.apache.maven.surefire.junitplatform.JUnitPlatformProvider.invoke(JUnitPlatformProvider.java:124)
	at org.apache.maven.surefire.booter.ForkedBooter.invokeProviderInSameClassLoader(ForkedBooter.java:384)
	at org.apache.maven.surefire.booter.ForkedBooter.runSuitesInProcess(ForkedBooter.java:345)
	at org.apache.maven.surefire.booter.ForkedBooter.execute(ForkedBooter.java:126)
	at org.apache.maven.surefire.booter.ForkedBooter.main(ForkedBooter.java:418)
2023-09-16 09:50:46,597 INFO org.springframework.orm.jpa.LocalContainerEntityManagerFactoryBean [SpringApplicationShutdownHook] Closing JPA EntityManagerFactory for persistence unit 'default'
2023-09-16 09:50:46,603 INFO com.zaxxer.hikari.HikariDataSource [SpringApplicationShutdownHook] HikariPool-1 - Shutdown initiated...
2023-09-16 09:50:46,638 INFO com.zaxxer.hikari.HikariDataSource [SpringApplicationShutdownHook] HikariPool-1 - Shutdown completed.
2023-09-16 09:51:11,558 INFO com.data.percept.PerceptApplication [main] Inicio PerceptApplication
2023-09-16 09:51:12,132 INFO com.data.percept.PerceptApplication [restartedMain] Inicio PerceptApplication
2023-09-16 09:51:15,645 INFO org.hibernate.validator.internal.util.Version [background-preinit] HV000001: Hibernate Validator 6.2.0.Final
2023-09-16 09:51:15,668 INFO com.data.percept.PerceptApplication [restartedMain] Starting PerceptApplication using Java 11.0.19 on CPX-R3Q0SB8SNR6 with PID 3296 (C:\Users\andre.p.cassiano\projeto-data-percept\data-percept\percept\target\classes started by andre.p.cassiano in C:\Users\andre.p.cassiano\projeto-data-percept\data-percept\percept)
2023-09-16 09:51:15,669 DEBUG com.data.percept.PerceptApplication [restartedMain] Running with Spring Boot v2.6.3, Spring v5.3.15
2023-09-16 09:51:15,669 INFO com.data.percept.PerceptApplication [restartedMain] No active profile set, falling back to default profiles: default
2023-09-16 09:51:15,757 INFO org.springframework.boot.devtools.restart.ChangeableUrls [restartedMain] The Class-Path manifest attribute in C:\Users\andre.p.cassiano\.m2\repository\io\grpc\grpc-netty-shaded\1.38.0\grpc-netty-shaded-1.38.0.jar referenced one or more files that do not exist: file:/C:/Users/andre.p.cassiano/.m2/repository/io/grpc/grpc-netty-shaded/1.38.0/grpc-core-1.38.0.jar,file:/C:/Users/andre.p.cassiano/.m2/repository/io/grpc/grpc-netty-shaded/1.38.0/grpc-api-1.38.0.jar,file:/C:/Users/andre.p.cassiano/.m2/repository/io/grpc/grpc-netty-shaded/1.38.0/gson-2.8.6.jar,file:/C:/Users/andre.p.cassiano/.m2/repository/io/grpc/grpc-netty-shaded/1.38.0/annotations-4.1.1.4.jar,file:/C:/Users/andre.p.cassiano/.m2/repository/io/grpc/grpc-netty-shaded/1.38.0/animal-sniffer-annotations-1.19.jar,file:/C:/Users/andre.p.cassiano/.m2/repository/io/grpc/grpc-netty-shaded/1.38.0/error_prone_annotations-2.4.0.jar,file:/C:/Users/andre.p.cassiano/.m2/repository/io/grpc/grpc-netty-shaded/1.38.0/guava-30.1-android.jar,file:/C:/Users/andre.p.cassiano/.m2/repository/io/grpc/grpc-netty-shaded/1.38.0/perfmark-api-0.23.0.jar,file:/C:/Users/andre.p.cassiano/.m2/repository/io/grpc/grpc-netty-shaded/1.38.0/jsr305-3.0.2.jar,file:/C:/Users/andre.p.cassiano/.m2/repository/io/grpc/grpc-netty-shaded/1.38.0/grpc-context-1.38.0.jar,file:/C:/Users/andre.p.cassiano/.m2/repository/io/grpc/grpc-netty-shaded/1.38.0/failureaccess-1.0.1.jar,file:/C:/Users/andre.p.cassiano/.m2/repository/io/grpc/grpc-netty-shaded/1.38.0/listenablefuture-9999.0-empty-to-avoid-conflict-with-guava.jar,file:/C:/Users/andre.p.cassiano/.m2/repository/io/grpc/grpc-netty-shaded/1.38.0/checker-compat-qual-2.5.5.jar,file:/C:/Users/andre.p.cassiano/.m2/repository/io/grpc/grpc-netty-shaded/1.38.0/j2objc-annotations-1.3.jar
2023-09-16 09:51:15,758 INFO org.springframework.boot.devtools.restart.ChangeableUrls [restartedMain] The Class-Path manifest attribute in C:\Users\andre.p.cassiano\.m2\repository\io\grpc\grpc-alts\1.38.0\grpc-alts-1.38.0.jar referenced one or more files that do not exist: file:/C:/Users/andre.p.cassiano/.m2/repository/io/grpc/grpc-alts/1.38.0/grpc-auth-1.38.0.jar,file:/C:/Users/andre.p.cassiano/.m2/repository/io/grpc/grpc-alts/1.38.0/grpc-grpclb-1.38.0.jar,file:/C:/Users/andre.p.cassiano/.m2/repository/io/grpc/grpc-alts/1.38.0/grpc-protobuf-1.38.0.jar,file:/C:/Users/andre.p.cassiano/.m2/repository/io/grpc/grpc-alts/1.38.0/grpc-stub-1.38.0.jar,file:/C:/Users/andre.p.cassiano/.m2/repository/io/grpc/grpc-alts/1.38.0/protobuf-java-util-3.12.0.jar,file:/C:/Users/andre.p.cassiano/.m2/repository/io/grpc/grpc-alts/1.38.0/protobuf-java-3.12.0.jar,file:/C:/Users/andre.p.cassiano/.m2/repository/io/grpc/grpc-alts/1.38.0/conscrypt-openjdk-uber-2.5.1.jar,file:/C:/Users/andre.p.cassiano/.m2/repository/io/grpc/grpc-alts/1.38.0/google-auth-library-oauth2-http-0.22.2.jar,file:/C:/Users/andre.p.cassiano/.m2/repository/io/grpc/grpc-alts/1.38.0/grpc-netty-shaded-1.38.0.jar,file:/C:/Users/andre.p.cassiano/.m2/repository/io/grpc/grpc-alts/1.38.0/grpc-core-1.38.0.jar,file:/C:/Users/andre.p.cassiano/.m2/repository/io/grpc/grpc-alts/1.38.0/grpc-protobuf-lite-1.38.0.jar,file:/C:/Users/andre.p.cassiano/.m2/repository/io/grpc/grpc-alts/1.38.0/grpc-api-1.38.0.jar,file:/C:/Users/andre.p.cassiano/.m2/repository/io/grpc/grpc-alts/1.38.0/guava-30.1-android.jar,file:/C:/Users/andre.p.cassiano/.m2/repository/io/grpc/grpc-alts/1.38.0/error_prone_annotations-2.4.0.jar,file:/C:/Users/andre.p.cassiano/.m2/repository/io/grpc/grpc-alts/1.38.0/google-auth-library-credentials-0.22.2.jar,file:/C:/Users/andre.p.cassiano/.m2/repository/io/grpc/grpc-alts/1.38.0/animal-sniffer-annotations-1.19.jar,file:/C:/Users/andre.p.cassiano/.m2/repository/io/grpc/grpc-alts/1.38.0/google-http-client-jackson2-1.38.0.jar,file:/C:/Users/andre.p.cassiano/.m2/repository/io/grpc/grpc-alts/1.38.0/google-http-client-1.38.0.jar,file:/C:/Users/andre.p.cassiano/.m2/repository/io/grpc/grpc-alts/1.38.0/jsr305-3.0.2.jar,file:/C:/Users/andre.p.cassiano/.m2/repository/io/grpc/grpc-alts/1.38.0/grpc-context-1.38.0.jar,file:/C:/Users/andre.p.cassiano/.m2/repository/io/grpc/grpc-alts/1.38.0/opencensus-api-0.28.0.jar,file:/C:/Users/andre.p.cassiano/.m2/repository/io/grpc/grpc-alts/1.38.0/proto-google-common-protos-2.0.1.jar,file:/C:/Users/andre.p.cassiano/.m2/repository/io/grpc/grpc-alts/1.38.0/auto-value-annotations-1.7.4.jar,file:/C:/Users/andre.p.cassiano/.m2/repository/io/grpc/grpc-alts/1.38.0/failureaccess-1.0.1.jar,file:/C:/Users/andre.p.cassiano/.m2/repository/io/grpc/grpc-alts/1.38.0/listenablefuture-9999.0-empty-to-avoid-conflict-with-guava.jar,file:/C:/Users/andre.p.cassiano/.m2/repository/io/grpc/grpc-alts/1.38.0/checker-compat-qual-2.5.5.jar,file:/C:/Users/andre.p.cassiano/.m2/repository/io/grpc/grpc-alts/1.38.0/j2objc-annotations-1.3.jar,file:/C:/Users/andre.p.cassiano/.m2/repository/io/grpc/grpc-alts/1.38.0/gson-2.8.6.jar,file:/C:/Users/andre.p.cassiano/.m2/repository/io/grpc/grpc-alts/1.38.0/annotations-4.1.1.4.jar,file:/C:/Users/andre.p.cassiano/.m2/repository/io/grpc/grpc-alts/1.38.0/perfmark-api-0.23.0.jar,file:/C:/Users/andre.p.cassiano/.m2/repository/io/grpc/grpc-alts/1.38.0/httpclient-4.5.13.jar,file:/C:/Users/andre.p.cassiano/.m2/repository/io/grpc/grpc-alts/1.38.0/httpcore-4.4.13.jar,file:/C:/Users/andre.p.cassiano/.m2/repository/io/grpc/grpc-alts/1.38.0/opencensus-contrib-http-util-0.24.0.jar,file:/C:/Users/andre.p.cassiano/.m2/repository/io/grpc/grpc-alts/1.38.0/jackson-core-2.11.3.jar,file:/C:/Users/andre.p.cassiano/.m2/repository/io/grpc/grpc-alts/1.38.0/commons-logging-1.2.jar,file:/C:/Users/andre.p.cassiano/.m2/repository/io/grpc/grpc-alts/1.38.0/commons-codec-1.11.jar
2023-09-16 09:51:15,758 INFO org.springframework.boot.devtools.env.DevToolsPropertyDefaultsPostProcessor [restartedMain] Devtools property defaults active! Set 'spring.devtools.add-properties' to 'false' to disable
2023-09-16 09:51:15,758 INFO org.springframework.boot.devtools.env.DevToolsPropertyDefaultsPostProcessor [restartedMain] For additional web related logging consider setting the 'logging.level.web' property to 'DEBUG'
2023-09-16 09:51:17,671 INFO org.springframework.data.repository.config.RepositoryConfigurationDelegate [restartedMain] Bootstrapping Spring Data JPA repositories in DEFAULT mode.
2023-09-16 09:51:18,290 INFO org.springframework.data.repository.config.RepositoryConfigurationDelegate [restartedMain] Finished Spring Data repository scanning in 586 ms. Found 10 JPA repository interfaces.
2023-09-16 09:51:18,980 INFO org.springframework.cloud.context.scope.GenericScope [restartedMain] BeanFactory id=ebfcdda0-b16c-3ab4-8427-2e0743853ee5
2023-09-16 09:51:21,651 INFO org.springframework.boot.web.embedded.tomcat.TomcatWebServer [restartedMain] Tomcat initialized with port(s): 8080 (http)
2023-09-16 09:51:21,669 INFO org.apache.coyote.http11.Http11NioProtocol [restartedMain] Initializing ProtocolHandler ["http-nio-8080"]
2023-09-16 09:51:21,670 INFO org.apache.catalina.core.StandardService [restartedMain] Starting service [Tomcat]
2023-09-16 09:51:21,670 INFO org.apache.catalina.core.StandardEngine [restartedMain] Starting Servlet engine: [Apache Tomcat/9.0.56]
2023-09-16 09:51:21,985 INFO org.apache.catalina.core.ContainerBase.[Tomcat].[localhost].[/] [restartedMain] Initializing Spring embedded WebApplicationContext
2023-09-16 09:51:21,986 INFO org.springframework.boot.web.servlet.context.ServletWebServerApplicationContext [restartedMain] Root WebApplicationContext: initialization completed in 6226 ms
2023-09-16 09:51:22,332 INFO org.hibernate.jpa.internal.util.LogHelper [restartedMain] HHH000204: Processing PersistenceUnitInfo [name: default]
2023-09-16 09:51:22,501 INFO org.hibernate.Version [restartedMain] HHH000412: Hibernate ORM core version 5.6.4.Final
2023-09-16 09:51:22,963 INFO org.hibernate.annotations.common.Version [restartedMain] HCANN000001: Hibernate Commons Annotations {5.1.2.Final}
2023-09-16 09:51:23,198 INFO com.zaxxer.hikari.HikariDataSource [restartedMain] HikariPool-1 - Starting...
2023-09-16 09:51:23,520 INFO com.zaxxer.hikari.HikariDataSource [restartedMain] HikariPool-1 - Start completed.
2023-09-16 09:51:23,560 INFO org.hibernate.dialect.Dialect [restartedMain] HHH000400: Using dialect: org.hibernate.dialect.MySQL5InnoDBDialect
2023-09-16 09:51:25,499 INFO org.hibernate.engine.transaction.jta.platform.internal.JtaPlatformInitiator [restartedMain] HHH000490: Using JtaPlatform implementation: [org.hibernate.engine.transaction.jta.platform.internal.NoJtaPlatform]
2023-09-16 09:51:25,513 INFO org.springframework.orm.jpa.LocalContainerEntityManagerFactoryBean [restartedMain] Initialized JPA EntityManagerFactory for persistence unit 'default'
2023-09-16 09:51:26,506 WARN org.springframework.boot.autoconfigure.orm.jpa.JpaBaseConfiguration$JpaWebConfiguration [restartedMain] spring.jpa.open-in-view is enabled by default. Therefore, database queries may be performed during view rendering. Explicitly configure spring.jpa.open-in-view to disable this warning
2023-09-16 09:51:27,308 INFO org.springframework.boot.devtools.autoconfigure.OptionalLiveReloadServer [restartedMain] LiveReload server is running on port 35729
2023-09-16 09:51:30,711 INFO org.apache.coyote.http11.Http11NioProtocol [restartedMain] Starting ProtocolHandler ["http-nio-8080"]
2023-09-16 09:51:30,731 INFO org.springframework.boot.web.embedded.tomcat.TomcatWebServer [restartedMain] Tomcat started on port(s): 8080 (http) with context path ''
2023-09-16 09:51:33,781 INFO com.data.percept.PerceptApplication [restartedMain] Started PerceptApplication in 21.618 seconds (JVM running for 23.484)
2023-09-16 09:51:33,785 INFO com.data.percept.PerceptApplication [restartedMain] Pronto para uso Inicio PerceptApplication
2023-09-16 09:51:40,796 INFO org.apache.catalina.core.ContainerBase.[Tomcat].[localhost].[/] [http-nio-8080-exec-2] Initializing Spring DispatcherServlet 'dispatcherServlet'
2023-09-16 09:51:40,796 INFO org.springframework.web.servlet.DispatcherServlet [http-nio-8080-exec-2] Initializing Servlet 'dispatcherServlet'
2023-09-16 09:51:40,798 INFO org.springframework.web.servlet.DispatcherServlet [http-nio-8080-exec-2] Completed initialization in 2 ms
2023-09-16 09:51:40,867 INFO com.data.percept.PerceptApplication [http-nio-8080-exec-2] GovRestController: Inicio
2023-09-16 09:51:40,867 INFO com.data.percept.PerceptApplication [http-nio-8080-exec-2] GovRestController: Entrando no consultaInfo
2023-09-16 09:51:41,225 INFO com.data.percept.PerceptApplication [http-nio-8080-exec-2] GovRestController: retornou do consultaInfo
